<?xml version="1.0" encoding="UTF-8"?>
<testng-results skipped="1" failed="0" ignored="0" total="1" passed="0">
  <reporter-output>
  </reporter-output>
  <suite name="Default suite" duration-ms="2239" started-at="2020-02-24T09:10:59 IST" finished-at="2020-02-24T09:11:02 IST">
    <groups>
    </groups>
    <test name="Default test" duration-ms="2239" started-at="2020-02-24T09:10:59 IST" finished-at="2020-02-24T09:11:02 IST">
      <class name="com.islandpacific.receiving.RecevingLogInquiry">
        <test-method status="PASS" signature="setUp()[pri:0, instance:com.islandpacific.receiving.RecevingLogInquiry@4d3167f4]" name="setUp" is-config="true" duration-ms="149" started-at="2020-02-24T09:10:59 IST" finished-at="2020-02-24T09:10:59 IST">
          <reporter-output>
          </reporter-output>
        </test-method> <!-- setUp -->
        <test-method status="FAIL" signature="browserSetup()[pri:0, instance:com.islandpacific.receiving.RecevingLogInquiry@4d3167f4]" name="browserSetup" is-config="true" duration-ms="2186" started-at="2020-02-24T09:10:59 IST" finished-at="2020-02-24T09:11:02 IST">
          <exception class="org.openqa.selenium.SessionNotCreatedException">
            <message>
              <![CDATA[session not created: This version of ChromeDriver only supports Chrome version 81
Build info: version: '3.14.0', revision: 'aacccce0', time: '2018-08-02T20:19:58.91Z'
System info: host: 'SS4-IN-PC', ip: '192.168.137.1', os.name: 'Windows 10', os.arch: 'amd64', os.version: '10.0', java.version: '1.8.0_231'
Driver info: driver.version: ChromeDriver
remote stacktrace: Backtrace:
Ordinal0 [0x010D5D53+2448723]
Ordinal0 [0x01008131+1605937]
Ordinal0 [0x00EFF879+522361]
Ordinal0 [0x00E905F3+67059]
Ordinal0 [0x00E8CD92+52626]
Ordinal0 [0x00EAC127+180519]
Ordinal0 [0x00EABF2D+180013]
Ordinal0 [0x00EA9E5B+171611]
Ordinal0 [0x00E91DD8+73176]
Ordinal0 [0x00E92E50+77392]
Ordinal0 [0x00E92DE9+77289]
Ordinal0 [0x0101D6A7+1693351]
GetHandleVerifier [0x01173E16+522726]
GetHandleVerifier [0x01173B54+522020]
GetHandleVerifier [0x01188F67+609079]
GetHandleVerifier [0x01174686+524886]
Ordinal0 [0x01015A8C+1661580]
Ordinal0 [0x0101F00B+1699851]
Ordinal0 [0x0101F173+1700211]
Ordinal0 [0x01034FE5+1789925]
BaseThreadInitThunk [0x76106359+25]
RtlGetAppContainerNamedObjectPath [0x77067B74+228]
RtlGetAppContainerNamedObjectPath [0x77067B44+180]
]]>
            </message>
            <full-stacktrace>
              <![CDATA[org.openqa.selenium.SessionNotCreatedException: session not created: This version of ChromeDriver only supports Chrome version 81
Build info: version: '3.14.0', revision: 'aacccce0', time: '2018-08-02T20:19:58.91Z'
System info: host: 'SS4-IN-PC', ip: '192.168.137.1', os.name: 'Windows 10', os.arch: 'amd64', os.version: '10.0', java.version: '1.8.0_231'
Driver info: driver.version: ChromeDriver
remote stacktrace: Backtrace:
Ordinal0 [0x010D5D53+2448723]
Ordinal0 [0x01008131+1605937]
Ordinal0 [0x00EFF879+522361]
Ordinal0 [0x00E905F3+67059]
Ordinal0 [0x00E8CD92+52626]
Ordinal0 [0x00EAC127+180519]
Ordinal0 [0x00EABF2D+180013]
Ordinal0 [0x00EA9E5B+171611]
Ordinal0 [0x00E91DD8+73176]
Ordinal0 [0x00E92E50+77392]
Ordinal0 [0x00E92DE9+77289]
Ordinal0 [0x0101D6A7+1693351]
GetHandleVerifier [0x01173E16+522726]
GetHandleVerifier [0x01173B54+522020]
GetHandleVerifier [0x01188F67+609079]
GetHandleVerifier [0x01174686+524886]
Ordinal0 [0x01015A8C+1661580]
Ordinal0 [0x0101F00B+1699851]
Ordinal0 [0x0101F173+1700211]
Ordinal0 [0x01034FE5+1789925]
BaseThreadInitThunk [0x76106359+25]
RtlGetAppContainerNamedObjectPath [0x77067B74+228]
RtlGetAppContainerNamedObjectPath [0x77067B44+180]

at sun.reflect.NativeConstructorAccessorImpl.newInstance0(Native Method)
at sun.reflect.NativeConstructorAccessorImpl.newInstance(NativeConstructorAccessorImpl.java:62)
at sun.reflect.DelegatingConstructorAccessorImpl.newInstance(DelegatingConstructorAccessorImpl.java:45)
at java.lang.reflect.Constructor.newInstance(Constructor.java:423)
at org.openqa.selenium.remote.W3CHandshakeResponse.lambda$new$0(W3CHandshakeResponse.java:57)
at org.openqa.selenium.remote.W3CHandshakeResponse.lambda$getResponseFunction$2(W3CHandshakeResponse.java:104)
at org.openqa.selenium.remote.ProtocolHandshake.lambda$createSession$0(ProtocolHandshake.java:122)
at java.util.stream.ReferencePipeline$3$1.accept(ReferencePipeline.java:193)
at java.util.Spliterators$ArraySpliterator.tryAdvance(Spliterators.java:958)
at java.util.stream.ReferencePipeline.forEachWithCancel(ReferencePipeline.java:126)
at java.util.stream.AbstractPipeline.copyIntoWithCancel(AbstractPipeline.java:499)
at java.util.stream.AbstractPipeline.copyInto(AbstractPipeline.java:486)
at java.util.stream.AbstractPipeline.wrapAndCopyInto(AbstractPipeline.java:472)
at java.util.stream.FindOps$FindOp.evaluateSequential(FindOps.java:152)
at java.util.stream.AbstractPipeline.evaluate(AbstractPipeline.java:234)
at java.util.stream.ReferencePipeline.findFirst(ReferencePipeline.java:464)
at org.openqa.selenium.remote.ProtocolHandshake.createSession(ProtocolHandshake.java:125)
at org.openqa.selenium.remote.ProtocolHandshake.createSession(ProtocolHandshake.java:73)
at org.openqa.selenium.remote.HttpCommandExecutor.execute(HttpCommandExecutor.java:136)
at org.openqa.selenium.remote.service.DriverCommandExecutor.execute(DriverCommandExecutor.java:83)
at org.openqa.selenium.remote.RemoteWebDriver.execute(RemoteWebDriver.java:548)
at org.openqa.selenium.remote.RemoteWebDriver.startSession(RemoteWebDriver.java:212)
at org.openqa.selenium.remote.RemoteWebDriver.<init>(RemoteWebDriver.java:130)
at org.openqa.selenium.chrome.ChromeDriver.<init>(ChromeDriver.java:181)
at org.openqa.selenium.chrome.ChromeDriver.<init>(ChromeDriver.java:168)
at org.openqa.selenium.chrome.ChromeDriver.<init>(ChromeDriver.java:123)
at com.islandpacific.base.BaseTest.browserSetup(BaseTest.java:117)
at sun.reflect.NativeMethodAccessorImpl.invoke0(Native Method)
at sun.reflect.NativeMethodAccessorImpl.invoke(NativeMethodAccessorImpl.java:62)
at sun.reflect.DelegatingMethodAccessorImpl.invoke(DelegatingMethodAccessorImpl.java:43)
at java.lang.reflect.Method.invoke(Method.java:498)
at org.testng.internal.MethodInvocationHelper.invokeMethod(MethodInvocationHelper.java:133)
at org.testng.internal.MethodInvocationHelper.invokeMethodConsideringTimeout(MethodInvocationHelper.java:62)
at org.testng.internal.ConfigInvoker.invokeConfigurationMethod(ConfigInvoker.java:340)
at org.testng.internal.ConfigInvoker.invokeConfigurations(ConfigInvoker.java:294)
at org.testng.internal.TestMethodWorker.invokeBeforeClassMethods(TestMethodWorker.java:176)
at org.testng.internal.TestMethodWorker.run(TestMethodWorker.java:122)
at java.util.ArrayList.forEach(ArrayList.java:1257)
at org.testng.TestRunner.privateRun(TestRunner.java:770)
at org.testng.TestRunner.run(TestRunner.java:591)
at org.testng.SuiteRunner.runTest(SuiteRunner.java:402)
at org.testng.SuiteRunner.runSequentially(SuiteRunner.java:396)
at org.testng.SuiteRunner.privateRun(SuiteRunner.java:355)
at org.testng.SuiteRunner.run(SuiteRunner.java:304)
at org.testng.SuiteRunnerWorker.runSuite(SuiteRunnerWorker.java:53)
at org.testng.SuiteRunnerWorker.run(SuiteRunnerWorker.java:96)
at org.testng.TestNG.runSuitesSequentially(TestNG.java:1180)
at org.testng.TestNG.runSuitesLocally(TestNG.java:1102)
at org.testng.TestNG.runSuites(TestNG.java:1032)
at org.testng.TestNG.run(TestNG.java:1000)
at org.testng.remote.AbstractRemoteTestNG.run(AbstractRemoteTestNG.java:115)
at org.testng.remote.RemoteTestNG.initAndRun(RemoteTestNG.java:251)
at org.testng.remote.RemoteTestNG.main(RemoteTestNG.java:77)
]]>
            </full-stacktrace>
          </exception> <!-- org.openqa.selenium.SessionNotCreatedException -->
          <reporter-output>
          </reporter-output>
        </test-method> <!-- browserSetup -->
        <test-method status="SKIP" signature="RLogInquiry()[pri:0, instance:com.islandpacific.receiving.RecevingLogInquiry@4d3167f4]" name="RLogInquiry" duration-ms="0" started-at="2020-02-24T09:11:02 IST" finished-at="2020-02-24T09:11:02 IST">
          <exception class="org.openqa.selenium.SessionNotCreatedException">
            <message>
              <![CDATA[session not created: This version of ChromeDriver only supports Chrome version 81
Build info: version: '3.14.0', revision: 'aacccce0', time: '2018-08-02T20:19:58.91Z'
System info: host: 'SS4-IN-PC', ip: '192.168.137.1', os.name: 'Windows 10', os.arch: 'amd64', os.version: '10.0', java.version: '1.8.0_231'
Driver info: driver.version: ChromeDriver
remote stacktrace: Backtrace:
Ordinal0 [0x010D5D53+2448723]
Ordinal0 [0x01008131+1605937]
Ordinal0 [0x00EFF879+522361]
Ordinal0 [0x00E905F3+67059]
Ordinal0 [0x00E8CD92+52626]
Ordinal0 [0x00EAC127+180519]
Ordinal0 [0x00EABF2D+180013]
Ordinal0 [0x00EA9E5B+171611]
Ordinal0 [0x00E91DD8+73176]
Ordinal0 [0x00E92E50+77392]
Ordinal0 [0x00E92DE9+77289]
Ordinal0 [0x0101D6A7+1693351]
GetHandleVerifier [0x01173E16+522726]
GetHandleVerifier [0x01173B54+522020]
GetHandleVerifier [0x01188F67+609079]
GetHandleVerifier [0x01174686+524886]
Ordinal0 [0x01015A8C+1661580]
Ordinal0 [0x0101F00B+1699851]
Ordinal0 [0x0101F173+1700211]
Ordinal0 [0x01034FE5+1789925]
BaseThreadInitThunk [0x76106359+25]
RtlGetAppContainerNamedObjectPath [0x77067B74+228]
RtlGetAppContainerNamedObjectPath [0x77067B44+180]
]]>
            </message>
            <full-stacktrace>
              <![CDATA[org.openqa.selenium.SessionNotCreatedException: session not created: This version of ChromeDriver only supports Chrome version 81
Build info: version: '3.14.0', revision: 'aacccce0', time: '2018-08-02T20:19:58.91Z'
System info: host: 'SS4-IN-PC', ip: '192.168.137.1', os.name: 'Windows 10', os.arch: 'amd64', os.version: '10.0', java.version: '1.8.0_231'
Driver info: driver.version: ChromeDriver
remote stacktrace: Backtrace:
Ordinal0 [0x010D5D53+2448723]
Ordinal0 [0x01008131+1605937]
Ordinal0 [0x00EFF879+522361]
Ordinal0 [0x00E905F3+67059]
Ordinal0 [0x00E8CD92+52626]
Ordinal0 [0x00EAC127+180519]
Ordinal0 [0x00EABF2D+180013]
Ordinal0 [0x00EA9E5B+171611]
Ordinal0 [0x00E91DD8+73176]
Ordinal0 [0x00E92E50+77392]
Ordinal0 [0x00E92DE9+77289]
Ordinal0 [0x0101D6A7+1693351]
GetHandleVerifier [0x01173E16+522726]
GetHandleVerifier [0x01173B54+522020]
GetHandleVerifier [0x01188F67+609079]
GetHandleVerifier [0x01174686+524886]
Ordinal0 [0x01015A8C+1661580]
Ordinal0 [0x0101F00B+1699851]
Ordinal0 [0x0101F173+1700211]
Ordinal0 [0x01034FE5+1789925]
BaseThreadInitThunk [0x76106359+25]
RtlGetAppContainerNamedObjectPath [0x77067B74+228]
RtlGetAppContainerNamedObjectPath [0x77067B44+180]

at sun.reflect.NativeConstructorAccessorImpl.newInstance0(Native Method)
at sun.reflect.NativeConstructorAccessorImpl.newInstance(NativeConstructorAccessorImpl.java:62)
at sun.reflect.DelegatingConstructorAccessorImpl.newInstance(DelegatingConstructorAccessorImpl.java:45)
at java.lang.reflect.Constructor.newInstance(Constructor.java:423)
at org.openqa.selenium.remote.W3CHandshakeResponse.lambda$new$0(W3CHandshakeResponse.java:57)
at org.openqa.selenium.remote.W3CHandshakeResponse.lambda$getResponseFunction$2(W3CHandshakeResponse.java:104)
at org.openqa.selenium.remote.ProtocolHandshake.lambda$createSession$0(ProtocolHandshake.java:122)
at java.util.stream.ReferencePipeline$3$1.accept(ReferencePipeline.java:193)
at java.util.Spliterators$ArraySpliterator.tryAdvance(Spliterators.java:958)
at java.util.stream.ReferencePipeline.forEachWithCancel(ReferencePipeline.java:126)
at java.util.stream.AbstractPipeline.copyIntoWithCancel(AbstractPipeline.java:499)
at java.util.stream.AbstractPipeline.copyInto(AbstractPipeline.java:486)
at java.util.stream.AbstractPipeline.wrapAndCopyInto(AbstractPipeline.java:472)
at java.util.stream.FindOps$FindOp.evaluateSequential(FindOps.java:152)
at java.util.stream.AbstractPipeline.evaluate(AbstractPipeline.java:234)
at java.util.stream.ReferencePipeline.findFirst(ReferencePipeline.java:464)
at org.openqa.selenium.remote.ProtocolHandshake.createSession(ProtocolHandshake.java:125)
at org.openqa.selenium.remote.ProtocolHandshake.createSession(ProtocolHandshake.java:73)
at org.openqa.selenium.remote.HttpCommandExecutor.execute(HttpCommandExecutor.java:136)
at org.openqa.selenium.remote.service.DriverCommandExecutor.execute(DriverCommandExecutor.java:83)
at org.openqa.selenium.remote.RemoteWebDriver.execute(RemoteWebDriver.java:548)
at org.openqa.selenium.remote.RemoteWebDriver.startSession(RemoteWebDriver.java:212)
at org.openqa.selenium.remote.RemoteWebDriver.<init>(RemoteWebDriver.java:130)
at org.openqa.selenium.chrome.ChromeDriver.<init>(ChromeDriver.java:181)
at org.openqa.selenium.chrome.ChromeDriver.<init>(ChromeDriver.java:168)
at org.openqa.selenium.chrome.ChromeDriver.<init>(ChromeDriver.java:123)
at com.islandpacific.base.BaseTest.browserSetup(BaseTest.java:117)
at sun.reflect.NativeMethodAccessorImpl.invoke0(Native Method)
at sun.reflect.NativeMethodAccessorImpl.invoke(NativeMethodAccessorImpl.java:62)
at sun.reflect.DelegatingMethodAccessorImpl.invoke(DelegatingMethodAccessorImpl.java:43)
at java.lang.reflect.Method.invoke(Method.java:498)
at org.testng.internal.MethodInvocationHelper.invokeMethod(MethodInvocationHelper.java:133)
at org.testng.internal.MethodInvocationHelper.invokeMethodConsideringTimeout(MethodInvocationHelper.java:62)
at org.testng.internal.ConfigInvoker.invokeConfigurationMethod(ConfigInvoker.java:340)
at org.testng.internal.ConfigInvoker.invokeConfigurations(ConfigInvoker.java:294)
at org.testng.internal.TestMethodWorker.invokeBeforeClassMethods(TestMethodWorker.java:176)
at org.testng.internal.TestMethodWorker.run(TestMethodWorker.java:122)
at java.util.ArrayList.forEach(ArrayList.java:1257)
at org.testng.TestRunner.privateRun(TestRunner.java:770)
at org.testng.TestRunner.run(TestRunner.java:591)
at org.testng.SuiteRunner.runTest(SuiteRunner.java:402)
at org.testng.SuiteRunner.runSequentially(SuiteRunner.java:396)
at org.testng.SuiteRunner.privateRun(SuiteRunner.java:355)
at org.testng.SuiteRunner.run(SuiteRunner.java:304)
at org.testng.SuiteRunnerWorker.runSuite(SuiteRunnerWorker.java:53)
at org.testng.SuiteRunnerWorker.run(SuiteRunnerWorker.java:96)
at org.testng.TestNG.runSuitesSequentially(TestNG.java:1180)
at org.testng.TestNG.runSuitesLocally(TestNG.java:1102)
at org.testng.TestNG.runSuites(TestNG.java:1032)
at org.testng.TestNG.run(TestNG.java:1000)
at org.testng.remote.AbstractRemoteTestNG.run(AbstractRemoteTestNG.java:115)
at org.testng.remote.RemoteTestNG.initAndRun(RemoteTestNG.java:251)
at org.testng.remote.RemoteTestNG.main(RemoteTestNG.java:77)
]]>
            </full-stacktrace>
          </exception> <!-- org.openqa.selenium.SessionNotCreatedException -->
          <reporter-output>
          </reporter-output>
        </test-method> <!-- RLogInquiry -->
        <test-method status="SKIP" signature="getResult(org.testng.ITestResult)[pri:0, instance:com.islandpacific.receiving.RecevingLogInquiry@4d3167f4]" name="getResult" is-config="true" duration-ms="-1582515662206" started-at="2020-02-24T09:11:02 IST" finished-at="1970-01-01T05:30:00 IST">
          <reporter-output>
          </reporter-output>
        </test-method> <!-- getResult -->
        <test-method status="SKIP" signature="quit()[pri:0, instance:com.islandpacific.receiving.RecevingLogInquiry@4d3167f4]" name="quit" is-config="true" duration-ms="-1582515662207" started-at="2020-02-24T09:11:02 IST" finished-at="1970-01-01T05:30:00 IST">
          <reporter-output>
          </reporter-output>
        </test-method> <!-- quit -->
        <test-method status="PASS" signature="tearDown()[pri:0, instance:com.islandpacific.receiving.RecevingLogInquiry@4d3167f4]" name="tearDown" is-config="true" duration-ms="11221" started-at="2020-02-24T09:11:02 IST" finished-at="2020-02-24T09:11:13 IST">
          <reporter-output>
          </reporter-output>
        </test-method> <!-- tearDown -->
      </class> <!-- com.islandpacific.receiving.RecevingLogInquiry -->
    </test> <!-- Default test -->
  </suite> <!-- Default suite -->
</testng-results>
