<?xml version="1.0" encoding="UTF-8"?>
<!-- Generated by org.testng.reporters.JUnitReportReporter -->
<testsuite skipped="1" hostname="SS4-IN-PC" name="com.islandpacific.ipmsweb.test.pricemanagement.EnterPriceChanges" tests="2" failures="0" timestamp="2020-03-02T11:36:49 IST" time="6.769" errors="1">
  <testcase name="setUp" time="6.769" classname="com.islandpacific.ipmsweb.test.pricemanagement.EnterPriceChanges">
    <error type="java.io.IOException" message="Unable to delete file: C:\Users\SSRINIVASAN\git\IPMSWEB\IPMSWEB\ScreenRecordings\02-03-2020\PurchaseOrderEntry-2020-03-02 10.44.29.avi">
      <![CDATA[java.io.IOException: Unable to delete file: C:\Users\SSRINIVASAN\git\IPMSWEB\IPMSWEB\ScreenRecordings\02-03-2020\PurchaseOrderEntry-2020-03-02 10.44.29.avi
at org.apache.commons.io.FileUtils.forceDelete(FileUtils.java:2400)
at org.apache.commons.io.FileUtils.cleanDirectory(FileUtils.java:1721)
at org.apache.commons.io.FileUtils.deleteDirectory(FileUtils.java:1617)
at org.apache.commons.io.FileUtils.forceDelete(FileUtils.java:2391)
at org.apache.commons.io.FileUtils.cleanDirectory(FileUtils.java:1721)
at org.apache.commons.io.FileUtils.deleteDirectory(FileUtils.java:1617)
at com.islandpacific.ipmsweb.base.BaseTest.setUp(BaseTest.java:94)
at sun.reflect.NativeMethodAccessorImpl.invoke0(Native Method)
at sun.reflect.NativeMethodAccessorImpl.invoke(NativeMethodAccessorImpl.java:62)
at sun.reflect.DelegatingMethodAccessorImpl.invoke(DelegatingMethodAccessorImpl.java:43)
at java.lang.reflect.Method.invoke(Method.java:498)
at org.testng.internal.MethodInvocationHelper.invokeMethod(MethodInvocationHelper.java:133)
at org.testng.internal.MethodInvocationHelper.invokeMethodConsideringTimeout(MethodInvocationHelper.java:62)
at org.testng.internal.ConfigInvoker.invokeConfigurationMethod(ConfigInvoker.java:340)
at org.testng.internal.ConfigInvoker.invokeConfigurations(ConfigInvoker.java:294)
at org.testng.SuiteRunner.privateRun(SuiteRunner.java:345)
at org.testng.SuiteRunner.run(SuiteRunner.java:304)
at org.testng.SuiteRunnerWorker.runSuite(SuiteRunnerWorker.java:53)
at org.testng.SuiteRunnerWorker.run(SuiteRunnerWorker.java:96)
at org.testng.TestNG.runSuitesSequentially(TestNG.java:1180)
at org.testng.TestNG.runSuitesLocally(TestNG.java:1102)
at org.testng.TestNG.runSuites(TestNG.java:1032)
at org.testng.TestNG.run(TestNG.java:1000)
at org.testng.remote.AbstractRemoteTestNG.run(AbstractRemoteTestNG.java:115)
at org.testng.remote.RemoteTestNG.initAndRun(RemoteTestNG.java:251)
at org.testng.remote.RemoteTestNG.main(RemoteTestNG.java:77)
]]>
    </error>
  </testcase> <!-- setUp -->
  <testcase name="enterPC" time="0.000" classname="com.islandpacific.ipmsweb.test.pricemanagement.EnterPriceChanges">
    <skipped/>
  </testcase> <!-- enterPC -->
</testsuite> <!-- com.islandpacific.ipmsweb.test.pricemanagement.EnterPriceChanges -->
